1627373843111	geckodriver	INFO	Listening on 127.0.0.1:58987
1627373844123	mozrunner::runner	INFO	Running command: "/usr/bin/firefox" "--marionette" "-foreground" "-no-remote" "-profile" "/tmp/rust_mozprofileXRxuId"
1627373845616	Marionette	INFO	Marionette enabled
console.warn: SearchSettings: "get: No settings file exists, new profile?" (new NotFoundError("Could not open the file at /tmp/rust_mozprofileXRxuId/search.json.mozlz4", (void 0)))
1627373849151	Marionette	INFO	Listening on port 45971
1627373849275	Marionette	WARN	TLS certificate errors will be ignored for this session
JavaScript error: resource://gre/modules/AsyncShutdown.jsm, line 575: NotFoundError: No such JSWindowActor 'MarionetteEvents'
JavaScript error: resource://gre/modules/AsyncShutdown.jsm, line 575: NotFoundError: No such JSWindowActor 'MarionetteEvents'
JavaScript error: resource://gre/modules/AsyncShutdown.jsm, line 575: NotFoundError: No such JSWindowActor 'MarionetteEvents'
JavaScript error: resource://gre/modules/AsyncShutdown.jsm, line 575: NotFoundError: No such JSWindowActor 'MarionetteEvents'
JavaScript error: resource://gre/modules/AsyncShutdown.jsm, line 575: NotFoundError: No such JSWindowActor 'MarionetteEvents'
JavaScript error: resource://gre/modules/AsyncShutdown.jsm, line 575: NotFoundError: No such JSWindowActor 'MarionetteEvents'

###!!! [Child][MessageChannel] Error: (msgtype=0x6B0025,name=PNecko::Msg_RemoveRequestContext) Channel closing: too late to send/recv, messages will be lost


###!!! [Child][MessageChannel] Error: (msgtype=0x390143,name=PContent::Msg_ScriptError) Channel closing: too late to send/recv, messages will be lost


###!!! [Child][RunMessage] Error: Channel closing: too late to send/recv, messages will be lost


###!!! [Child][RunMessage] Error: Channel closing: too late to send/recv, messages will be lost


###!!! [Child][RunMessage] Error: Channel closing: too late to send/recv, messages will be lost


###!!! [Child][RunMessage] Error: Channel closing: too late to send/recv, messages will be lost


###!!! [Child][RunMessage] Error: Channel closing: too late to send/recv, messages will be lost


###!!! [Child][RunMessage] Error: Channel closing: too late to send/recv, messages will be lost


###!!! [Child][RunMessage] Error: Channel closing: too late to send/recv, messages will be lost


###!!! [Child][RunMessage] Error: Channel closing: too late to send/recv, messages will be lost


###!!! [Child][RunMessage] Error: Channel closing: too late to send/recv, messages will be lost


###!!! [Child][RunMessage] Error: Channel closing: too late to send/recv, messages will be lost


###!!! [Child][RunMessage] Error: Channel closing: too late to send/recv, messages will be lost


###!!! [Parent][MessageChannel] Error: (msgtype=0x390079,name=PContent::Msg_DestroyBrowsingContextGroup) Closed channel: cannot send/recv


###!!! [Child][RunMessage] Error: Channel closing: too late to send/recv, messages will be lost


###!!! [Child][MessageChannel] Error: (msgtype=0x23002E,name=PBrowser::Msg___delete__) Channel closing: too late to send/recv, messages will be lost

1627373859924	Marionette	INFO	Stopped listening on port 45971

###!!! [Parent][RunMessage] Error: Channel closing: too late to send/recv, messages will be lost

1627373957664	geckodriver	INFO	Listening on 127.0.0.1:42617
1627373958672	mozrunner::runner	INFO	Running command: "/usr/bin/firefox" "--marionette" "-foreground" "-no-remote" "-profile" "/tmp/rust_mozprofilekfr7XD"
1627373959468	Marionette	INFO	Marionette enabled
console.warn: SearchSettings: "get: No settings file exists, new profile?" (new NotFoundError("Could not open the file at /tmp/rust_mozprofilekfr7XD/search.json.mozlz4", (void 0)))
1627373962660	Marionette	INFO	Listening on port 40815
1627373962726	Marionette	WARN	TLS certificate errors will be ignored for this session
1627373994509	geckodriver	INFO	Listening on 127.0.0.1:40045
1627373995515	mozrunner::runner	INFO	Running command: "/usr/bin/firefox" "--marionette" "-foreground" "-no-remote" "-profile" "/tmp/rust_mozprofileoO5ItS"
1627373996764	Marionette	INFO	Marionette enabled
console.warn: SearchSettings: "get: No settings file exists, new profile?" (new NotFoundError("Could not open the file at /tmp/rust_mozprofileoO5ItS/search.json.mozlz4", (void 0)))
JavaScript error: https://ads.pubmatic.com/AdServer/js/user_sync.html?p=62652&predirect=https%3A%2F%2Fssp.wp.pl%2Fbidder%2Fusersync%2Fsetuid%3Fgdpr%3D1%26gdpr_consent%3DCPJ_Y98PJ_Y98BIACCPLBkCgAP_AAH_AAB5YIGNf_X__bX9j-_59f_t0eY1P9_r_v-Qzjhfdt-8F2L_W_L0X42E7NF36pq4KuR4Eu3LBIQNlHMHUTUmwaokVrzPsak2Mr6NKJ7LEmnMZO2dYGHtfn91TuZKY7_78_9fz3z-v_v___9f3r-3_3__59X---_e_V399zLv9_____9nN___BAwAkw1L6ALsSxwZNo0qhRAjCsJDoBQAUUAwtE1gAwOCnZWAR6ghYAITUBGBECDEFGLAIABAIAkIiAkALBAIgCIBAACAFSAhAARMAgsALAwCAAUA0LECKAIQJCDI4KjlMCAiRaKCeysASi72NMIQyiwAoFH9FRgIlCCBYGQkLBzHAEgIAAAAA.YAAAAAAAAAAA%26bidder%3Dpubmatic%26uid%3D, line 1: ReferenceError: CommonMeta is not defined
1627374001787	Marionette	INFO	Listening on port 34197
1627374001932	Marionette	WARN	TLS certificate errors will be ignored for this session
JavaScript error: https://ads.pubmatic.com/AdServer/js/user_sync.html?p=62652&predirect=https%3A%2F%2Fssp.wp.pl%2Fbidder%2Fusersync%2Fsetuid%3Fgdpr%3D1%26gdpr_consent%3DCPJ_ZE6PJ_ZE6BIACCPLBkCgAP_AAH_AAB5YIGNf_X__bX9j-_59f_t0eY1P9_r_v-Qzjhfdt-8F2L_W_L0X42E7NF36pq4KuR4Eu3LBIQNlHMHUTUmwaokVrzPsak2Mr6NKJ7LEmnMZO2dYGHtfn91TuZKY7_78_9fz3z-v_v___9f3r-3_3__59X---_e_V399zLv9_____9nN___BAwAkw1L6ALsSxwZNo0qhRAjCsJDoBQAUUAwtE1gAwOCnZWAR6ghYAITUBGBECDEFGLAIABAIAkIiAkALBAIgCIBAACAFSAhAARMAgsALAwCAAUA0LECKAIQJCDI4KjlMCAiRaKCeysASi72NMIQyiwAoFH9FRgIlCCBYGQkLBzHAEgIAAAAA.YAAAAAAAAAAA%26bidder%3Dpubmatic%26uid%3D, line 1: ReferenceError: CommonMeta is not defined
1627374056083	geckodriver	INFO	Listening on 127.0.0.1:53557
1627374057095	mozrunner::runner	INFO	Running command: "/usr/bin/firefox" "--marionette" "-foreground" "-no-remote" "-profile" "/tmp/rust_mozprofileJRyYLn"
1627374060585	Marionette	INFO	Marionette enabled
console.warn: SearchSettings: "get: No settings file exists, new profile?" (new NotFoundError("Could not open the file at /tmp/rust_mozprofileJRyYLn/search.json.mozlz4", (void 0)))
1627374070351	Marionette	INFO	Listening on port 35841
1627374070507	Marionette	WARN	TLS certificate errors will be ignored for this session
console.error: services.settings: 
  main/doh-providers Signature failed  InvalidSignatureError: Invalid content signature (main/doh-providers)
console.error: services.settings: 
  main/doh-providers local data was corrupted
console.warn: services.settings: main/doh-providers Signature verified failed. Retry from scratch
console.error: services.settings: 
  main/doh-config Signature failed  InvalidSignatureError: Invalid content signature (main/doh-config)
console.error: services.settings: 
  main/doh-config local data was corrupted
console.warn: services.settings: main/doh-config Signature verified failed. Retry from scratch
1627374268009	geckodriver	INFO	Listening on 127.0.0.1:40807
1627374268993	mozrunner::runner	INFO	Running command: "/usr/bin/firefox" "--marionette" "-foreground" "-no-remote" "-profile" "/tmp/rust_mozprofilehBmq4t"
console.error: services.settings: 
  main/doh-providers Signature failed  InvalidSignatureError: Invalid content signature (main/doh-providers)
console.error: services.settings: 
  main/doh-providers local data was corrupted
console.warn: services.settings: main/doh-providers Signature verified failed. Retry from scratch
console.error: services.settings: 
  main/doh-config Signature failed  InvalidSignatureError: Invalid content signature (main/doh-config)
console.error: services.settings: 
  main/doh-config local data was corrupted
console.warn: services.settings: main/doh-config Signature verified failed. Retry from scratch
1627374277727	Marionette	INFO	Marionette enabled
console.warn: SearchSettings: "get: No settings file exists, new profile?" (new NotFoundError("Could not open the file at /tmp/rust_mozprofilehBmq4t/search.json.mozlz4", (void 0)))
1627374304757	Marionette	INFO	Listening on port 40527
1627374305432	Marionette	WARN	TLS certificate errors will be ignored for this session
console.error: services.settings: 
  main/doh-providers Signature failed  InvalidSignatureError: Invalid content signature (main/doh-providers)
console.error: services.settings: 
  main/doh-providers local data was corrupted
console.warn: services.settings: main/doh-providers Signature verified failed. Retry from scratch
console.error: services.settings: 
  main/doh-config Signature failed  InvalidSignatureError: Invalid content signature (main/doh-config)
console.error: services.settings: 
  main/doh-config local data was corrupted
console.warn: services.settings: main/doh-config Signature verified failed. Retry from scratch
1627374347921	Marionette	INFO	Stopped listening on port 40527
1627374349505	addons.xpi	ERROR	System addon update list error Error: Failed downloading XML, status: 0, reason: error
console.error: services.settings: 
  Message: TypeError: NetworkError when attempting to fetch resource.
  Stack:
    timedFetch/<@resource://services-common/kinto-http-client.js:549:22
timedFetch@resource://services-common/kinto-http-client.js:527:20
request@resource://services-common/kinto-http-client.js:613:41
execute@resource://services-common/kinto-http-client.js:2400:44
_fetchChangeset@resource://services-settings/RemoteSettingsClient.jsm:1038:22
_importChanges@resource://services-settings/RemoteSettingsClient.jsm:890:20
maybeSync@resource://services-settings/RemoteSettingsClient.jsm:595:35
observe@resource://gre/modules/AsyncShutdown.jsm:575:16

console.warn: services.settings: security-state/cert-revocations sync interrupted by shutdown
console.warn: services.settings: security-state/onecrl sync interrupted by shutdown
JavaScript error: , line 0: TypeError: NetworkError when attempting to fetch resource.

###!!! [Child][MessageChannel] Error: (msgtype=0x390143,name=PContent::Msg_ScriptError) Channel closing: too late to send/recv, messages will be lost


###!!! [Child][MessageChannel] Error: (msgtype=0x390143,name=PContent::Msg_ScriptError) Channel closing: too late to send/recv, messages will be lost


###!!! [Child][MessageChannel] Error: (msgtype=0x390143,name=PContent::Msg_ScriptError) Channel closing: too late to send/recv, messages will be lost


###!!! [Child][MessageChannel] Error: (msgtype=0x390143,name=PContent::Msg_ScriptError) Channel closing: too late to send/recv, messages will be lost


###!!! [Child][MessageChannel] Error: (msgtype=0x390143,name=PContent::Msg_ScriptError) Channel closing: too late to send/recv, messages will be lost


###!!! [Child][MessageChannel] Error: (msgtype=0x390143,name=PContent::Msg_ScriptError) Channel closing: too late to send/recv, messages will be lost


###!!! [Child][MessageChannel] Error: (msgtype=0x390143,name=PContent::Msg_ScriptError) Channel closing: too late to send/recv, messages will be lost


###!!! [Child][MessageChannel] Error: (msgtype=0x390143,name=PContent::Msg_ScriptError) Channel closing: too late to send/recv, messages will be lost


###!!! [Child][MessageChannel] Error: (msgtype=0x390143,name=PContent::Msg_ScriptError) Channel closing: too late to send/recv, messages will be lost


###!!! [Child][MessageChannel] Error: (msgtype=0x390143,name=PContent::Msg_ScriptError) Channel closing: too late to send/recv, messages will be lost


###!!! [Child][MessageChannel] Error: (msgtype=0x390143,name=PContent::Msg_ScriptError) Channel closing: too late to send/recv, messages will be lost


###!!! [Child][MessageChannel] Error: (msgtype=0x390143,name=PContent::Msg_ScriptError) Channel closing: too late to send/recv, messages will be lost


###!!! [Child][MessageChannel] Error: (msgtype=0x390143,name=PContent::Msg_ScriptError) Channel closing: too late to send/recv, messages will be lost


###!!! [Child][MessageChannel] Error: (msgtype=0x390143,name=PContent::Msg_ScriptError) Channel closing: too late to send/recv, messages will be lost


###!!! [Child][MessageChannel] Error: (msgtype=0x390143,name=PContent::Msg_ScriptError) Channel closing: too late to send/recv, messages will be lost


###!!! [Child][MessageChannel] Error: (msgtype=0x390143,name=PContent::Msg_ScriptError) Channel closing: too late to send/recv, messages will be lost


###!!! [Child][MessageChannel] Error: (msgtype=0x6B0025,name=PNecko::Msg_RemoveRequestContext) Channel closing: too late to send/recv, messages will be lost


###!!! [Child][MessageChannel] Error: (msgtype=0x390143,name=PContent::Msg_ScriptError) Channel closing: too late to send/recv, messages will be lost


###!!! [Child][MessageChannel] Error: (msgtype=0x390143,name=PContent::Msg_ScriptError) Channel closing: too late to send/recv, messages will be lost


###!!! [Child][MessageChannel] Error: (msgtype=0x390143,name=PContent::Msg_ScriptError) Channel closing: too late to send/recv, messages will be lost


###!!! [Child][MessageChannel] Error: (msgtype=0x390143,name=PContent::Msg_ScriptError) Channel closing: too late to send/recv, messages will be lost


###!!! [Child][MessageChannel] Error: (msgtype=0x390143,name=PContent::Msg_ScriptError) Channel closing: too late to send/recv, messages will be lost


###!!! [Child][MessageChannel] Error: (msgtype=0x390143,name=PContent::Msg_ScriptError) Channel closing: too late to send/recv, messages will be lost


###!!! [Child][MessageChannel] Error: (msgtype=0x390143,name=PContent::Msg_ScriptError) Channel closing: too late to send/recv, messages will be lost


###!!! [Child][MessageChannel] Error: (msgtype=0x390143,name=PContent::Msg_ScriptError) Channel closing: too late to send/recv, messages will be lost


###!!! [Parent][MessageChannel] Error: (msgtype=0x390079,name=PContent::Msg_DestroyBrowsingContextGroup) Closed channel: cannot send/recv


###!!! [Child][MessageChannel] Error: (msgtype=0x390143,name=PContent::Msg_ScriptError) Channel closing: too late to send/recv, messages will be lost


###!!! [Child][MessageChannel] Error: (msgtype=0x390143,name=PContent::Msg_ScriptError) Channel closing: too late to send/recv, messages will be lost


###!!! [Child][MessageChannel] Error: (msgtype=0x390143,name=PContent::Msg_ScriptError) Channel closing: too late to send/recv, messages will be lost


###!!! [Child][MessageChannel] Error: (msgtype=0x390143,name=PContent::Msg_ScriptError) Channel closing: too late to send/recv, messages will be lost


###!!! [Child][RunMessage] Error: Channel closing: too late to send/recv, messages will be lost


###!!! [Child][RunMessage] Error: Channel closing: too late to send/recv, messages will be lost


###!!! [Child][RunMessage] Error: Channel closing: too late to send/recv, messages will be lost


###!!! [Child][RunMessage] Error: Channel closing: too late to send/recv, messages will be lost


###!!! [Child][RunMessage] Error: Channel closing: too late to send/recv, messages will be lost


###!!! [Child][RunMessage] Error: Channel closing: too late to send/recv, messages will be lost


###!!! [Child][MessageChannel] Error: (msgtype=0x390143,name=PContent::Msg_ScriptError) Channel closing: too late to send/recv, messages will be lost


###!!! [Child][MessageChannel] Error: (msgtype=0x390143,name=PContent::Msg_ScriptError) Channel closing: too late to send/recv, messages will be lost


###!!! [Child][MessageChannel] Error: (msgtype=0x23002E,name=PBrowser::Msg___delete__) Channel closing: too late to send/recv, messages will be lost

1627374353757	Marionette	INFO	Stopped listening on port 40815
1627374354151	Marionette	INFO	Stopped listening on port 34197
JavaScript error: , line 0: TypeError: NetworkError when attempting to fetch resource.
JavaScript error: , line 0: TypeError: NetworkError when attempting to fetch resource.
JavaScript error: , line 0: TypeError: NetworkError when attempting to fetch resource.
JavaScript error: , line 0: TypeError: NetworkError when attempting to fetch resource.
JavaScript error: , line 0: TypeError: NetworkError when attempting to fetch resource.
JavaScript error: , line 0: TypeError: NetworkError when attempting to fetch resource.
JavaScript error: , line 0: TypeError: NetworkError when attempting to fetch resource.
JavaScript error: , line 0: TypeError: NetworkError when attempting to fetch resource.
JavaScript error: , line 0: TypeError: NetworkError when attempting to fetch resource.
JavaScript error: , line 0: TypeError: NetworkError when attempting to fetch resource.
JavaScript error: , line 0: TypeError: NetworkError when attempting to fetch resource.
1627374355020	Marionette	INFO	Stopped listening on port 35841

###!!! [Parent][RunMessage] Error: Channel closing: too late to send/recv, messages will be lost

1627374590559	geckodriver	INFO	Listening on 127.0.0.1:47917
1627374591563	mozrunner::runner	INFO	Running command: "/usr/bin/firefox" "--marionette" "-foreground" "-no-remote" "-profile" "/tmp/rust_mozprofileKnXaiQ"
1627374592522	Marionette	INFO	Marionette enabled
console.warn: SearchSettings: "get: No settings file exists, new profile?" (new NotFoundError("Could not open the file at /tmp/rust_mozprofileKnXaiQ/search.json.mozlz4", (void 0)))
1627374595522	Marionette	INFO	Listening on port 44867
1627374595612	Marionette	WARN	TLS certificate errors will be ignored for this session
JavaScript error: https://ads.pubmatic.com/AdServer/js/user_sync.html?p=62652&predirect=https%3A%2F%2Fssp.wp.pl%2Fbidder%2Fusersync%2Fsetuid%3Fgdpr%3D1%26gdpr_consent%3DCPJ_agzPJ_agzBIACCPLBkCgAP_AAH_AAB5YIGNf_X__bX9j-_59f_t0eY1P9_r_v-Qzjhfdt-8F2L_W_L0X42E7NF36pq4KuR4Eu3LBIQNlHMHUTUmwaokVrzPsak2Mr6NKJ7LEmnMZO2dYGHtfn91TuZKY7_78_9fz3z-v_v___9f3r-3_3__59X---_e_V399zLv9_____9nN___BAwAkw1L6ALsSxwZNo0qhRAjCsJDoBQAUUAwtE1gAwOCnZWAR6ghYAITUBGBECDEFGLAIABAIAkIiAkALBAIgCIBAACAFSAhAARMAgsALAwCAAUA0LECKAIQJCDI4KjlMCAiRaKCeysASi72NMIQyiwAoFH9FRgIlCCBYGQkLBzHAEgIAAAAA.YAAAAAAAAAAA%26bidder%3Dpubmatic%26uid%3D, line 1: ReferenceError: CommonMeta is not defined
JavaScript error: https://ads.pubmatic.com/AdServer/js/user_sync.html?p=156077&gdpr=1&gdpr_consent=CPJ_agzPJ_agzBIACCPLBkCgAP_AAH_AAB5YIGNf_X__bX9j-_59f_t0eY1P9_r_v-Qzjhfdt-8F2L_W_L0X42E7NF36pq4KuR4Eu3LBIQNlHMHUTUmwaokVrzPsak2Mr6NKJ7LEmnMZO2dYGHtfn91TuZKY7_78_9fz3z-v_v___9f3r-3_3__59X---_e_V399zLv9_____9nN___BAwAkw1L6ALsSxwZNo0qhRAjCsJDoBQAUUAwtE1gAwOCnZWAR6ghYAITUBGBECDEFGLAIABAIAkIiAkALBAIgCIBAACAFSAhAARMAgsALAwCAAUA0LECKAIQJCDI4KjlMCAiRaKCeysASi72NMIQyiwAoFH9FRgIlCCBYGQkLBzHAEgIAAAAA.YAAAAAAAAAAA&predirect=https%3A%2F%2Fsync.connectad.io%2Fumatch%2F1%3Fdataid%3Ddata1%26uuid%3D, line 1: ReferenceError: CommonMeta is not defined
1627374853534	geckodriver	INFO	Listening on 127.0.0.1:58889
1627374854538	mozrunner::runner	INFO	Running command: "/usr/bin/firefox" "--marionette" "-foreground" "-no-remote" "-profile" "/tmp/rust_mozprofileKEWf7S"
1627374855404	Marionette	INFO	Marionette enabled
console.warn: SearchSettings: "get: No settings file exists, new profile?" (new NotFoundError("Could not open the file at /tmp/rust_mozprofileKEWf7S/search.json.mozlz4", (void 0)))
1627374858715	Marionette	INFO	Listening on port 43749
1627374858790	Marionette	WARN	TLS certificate errors will be ignored for this session
console.error: services.settings: 
  main/doh-providers Signature failed  InvalidSignatureError: Invalid content signature (main/doh-providers)
console.error: services.settings: 
  main/doh-providers local data was corrupted
console.warn: services.settings: main/doh-providers Signature verified failed. Retry from scratch
console.error: services.settings: 
  main/doh-config Signature failed  InvalidSignatureError: Invalid content signature (main/doh-config)
console.error: services.settings: 
  main/doh-config local data was corrupted
console.warn: services.settings: main/doh-config Signature verified failed. Retry from scratch
JavaScript error: https://ads.pubmatic.com/AdServer/js/user_sync.html?p=62652&predirect=https%3A%2F%2Fssp.wp.pl%2Fbidder%2Fusersync%2Fsetuid%3Fgdpr%3D1%26gdpr_consent%3DCPJ_bJ8PJ_bJ8BIACCPLBkCgAP_AAH_AAB5YIGNf_X__bX9j-_59f_t0eY1P9_r_v-Qzjhfdt-8F2L_W_L0X42E7NF36pq4KuR4Eu3LBIQNlHMHUTUmwaokVrzPsak2Mr6NKJ7LEmnMZO2dYGHtfn91TuZKY7_78_9fz3z-v_v___9f3r-3_3__59X---_e_V399zLv9_____9nN___BAwAkw1L6ALsSxwZNo0qhRAjCsJDoBQAUUAwtE1gAwOCnZWAR6ghYAITUBGBECDEFGLAIABAIAkIiAkALBAIgCIBAACAFSAhAARMAgsALAwCAAUA0LECKAIQJCDI4KjlMCAiRaKCeysASi72NMIQyiwAoFH9FRgIlCCBYGQkLBzHAEgIAAAAA.YAAAAAAAAAAA%26bidder%3Dpubmatic%26uid%3D, line 1: ReferenceError: CommonMeta is not defined
1627374917970	geckodriver	INFO	Listening on 127.0.0.1:59441
1627374917991	mozrunner::runner	INFO	Running command: "/usr/bin/firefox" "--marionette" "-foreground" "-no-remote" "-profile" "/tmp/rust_mozprofilelCz9qd"
1627374920097	Marionette	INFO	Marionette enabled
console.warn: SearchSettings: "get: No settings file exists, new profile?" (new NotFoundError("Could not open the file at /tmp/rust_mozprofilelCz9qd/search.json.mozlz4", (void 0)))
1627374928340	Marionette	INFO	Listening on port 34021
1627374928573	Marionette	WARN	TLS certificate errors will be ignored for this session
console.log: WebExtensions: reset-default-search: starting.
console.log: WebExtensions: reset-default-search: No addons in our list are installed.
console.error: services.settings: 
  main/doh-providers Signature failed  InvalidSignatureError: Invalid content signature (main/doh-providers)
console.error: services.settings: 
  main/doh-providers local data was corrupted
console.warn: services.settings: main/doh-providers Signature verified failed. Retry from scratch
console.error: services.settings: 
  main/doh-config Signature failed  InvalidSignatureError: Invalid content signature (main/doh-config)
console.error: services.settings: 
  main/doh-config local data was corrupted
console.warn: services.settings: main/doh-config Signature verified failed. Retry from scratch
console.error: services.settings: 
  main/doh-providers Signature failed  InvalidSignatureError: Invalid content signature (main/doh-providers)
console.error: services.settings: 
  main/doh-providers local data was corrupted
console.warn: services.settings: main/doh-providers Signature verified failed. Retry from scratch
console.error: services.settings: 
  main/doh-config Signature failed  InvalidSignatureError: Invalid content signature (main/doh-config)
console.error: services.settings: 
  main/doh-config local data was corrupted
console.warn: services.settings: main/doh-config Signature verified failed. Retry from scratch
JavaScript error: , line 0: TypeError: NetworkError when attempting to fetch resource.
JavaScript error: , line 0: TypeError: NetworkError when attempting to fetch resource.

###!!! [Parent][MessageChannel] Error: (msgtype=0x390079,name=PContent::Msg_DestroyBrowsingContextGroup) Closed channel: cannot send/recv

1627375242308	Marionette	INFO	Stopped listening on port 43749
JavaScript error: , line 0: TypeError: NetworkError when attempting to fetch resource.
JavaScript error: , line 0: TypeError: NetworkError when attempting to fetch resource.

###!!! [Parent][MessageChannel] Error: (msgtype=0x390079,name=PContent::Msg_DestroyBrowsingContextGroup) Closed channel: cannot send/recv

1627375242467	Marionette	INFO	Stopped listening on port 34021
1627375242607	Marionette	INFO	Stopped listening on port 44867
